<?xml version="1.0" encoding="UTF-8" ?>
<testsuite tests="4" failures="0" name="com.javasleuth.util.JvmUtilsTest" time="0.03" errors="0" skipped="0">
  <properties>
[...]
</properties>
  <testcase classname="com.javasleuth.util.JvmUtilsTest" name="testGetCurrentJvmDisplayName" time="0.012"/>
  <testcase classname="com.javasleuth.util.JvmUtilsTest" name="testFormatSize" time="0"/>
  <testcase classname="com.javasleuth.util.JvmUtilsTest" name="testGetCurrentJvmPid" time="0.017"/>
  <testcase classname="com.javasleuth.util.JvmUtilsTest" name="testFormatDuration" time="0.001"/>
</testsuite>